0 0 0 0 0 0 0 0 0 0 0 0 0
1 0 0 0 9.07079e-07 2.35963e-23 -1.70077e-06 3.17478e-06 4.54053e-23 -2.72124e-06 6.12278e-06 5.03445e-23 -3.06139e-06
2 0 0 0 1.81416e-06 6.49629e-23 -3.40155e-06 6.34955e-06 1.04969e-22 -5.44247e-06 1.22456e-05 1.18329e-22 -6.12278e-06
3 0 0 0 2.72124e-06 4.80003e-23 -5.10232e-06 9.52433e-06 8.24686e-23 -8.16371e-06 1.83684e-05 1.16566e-22 -9.18418e-06
4 0 0 0 3.62832e-06 7.05057e-23 -6.80309e-06 1.26991e-05 9.14606e-23 -1.08849e-05 2.44911e-05 1.273e-22 -1.22456e-05
5 0 0 0 4.5354e-06 -7.03881e-23 -8.50387e-06 1.58739e-05 -4.07399e-23 -1.36062e-05 3.06139e-05 -1.78618e-23 -1.5307e-05
6 0 0 0 5.44247e-06 -8.6478e-23 -1.02046e-05 1.90487e-05 -9.33742e-23 -1.63274e-05 3.67367e-05 -6.99418e-23 -1.83684e-05
7 0 0 0 6.34955e-06 3.62223e-22 -1.19054e-05 2.22234e-05 4.89115e-22 -1.90487e-05 4.28595e-05 5.5177e-22 -2.14297e-05
8 0 0 0 7.25663e-06 5.62674e-22 -1.36062e-05 2.53982e-05 7.74189e-22 -2.17699e-05 4.89823e-05 7.70729e-22 -2.44911e-05
9 0 0 0 8.16371e-06 1.70426e-22 -1.5307e-05 2.8573e-05 6.31321e-22 -2.44911e-05 5.51051e-05 6.85969e-22 -2.75525e-05
10 0 0 0 9.07079e-06 4.1363e-23 -1.70077e-05 3.17478e-05 2.7715e-22 -2.72124e-05 6.12278e-05 3.70487e-22 -3.06139e-05
11 0 0 0 9.97787e-06 2.72457e-22 -1.87085e-05 3.49225e-05 6.61815e-22 -2.99336e-05 6.73506e-05 6.89376e-22 -3.36753e-05
12 0 0 0 1.08849e-05 2.38039e-22 -2.04093e-05 3.80973e-05 1.34547e-22 -3.26548e-05 7.34734e-05 1.61596e-22 -3.67367e-05
13 0 0 0 1.1792e-05 3.72548e-22 -2.21101e-05 4.12721e-05 6.66319e-22 -3.53761e-05 7.95962e-05 7.31403e-22 -3.97981e-05
14 0 0 0 1.26991e-05 7.60738e-22 -2.38108e-05 4.44469e-05 9.50811e-22 -3.80973e-05 8.5719e-05 1.07104e-21 -4.28595e-05
15 0 0 0 1.36062e-05 6.46221e-22 -2.55116e-05 4.76217e-05 9.92289e-22 -4.08186e-05 9.18418e-05 1.117e-21 -4.59209e-05
16 0 0 0 1.45133e-05 1.55449e-22 -2.72124e-05 5.07964e-05 4.04025e-22 -4.35398e-05 9.79645e-05 4.53704e-22 -4.89823e-05
17 0 0 0 1.54203e-05 4.21841e-22 -2.89131e-05 5.39712e-05 6.54771e-22 -4.6261e-05 0.000104087 8.1788e-22 -5.20437e-05
18 0 0 0 1.63274e-05 4.24467e-22 -3.06139e-05 5.7146e-05 1.18674e-21 -4.89823e-05 0.00011021 1.45557e-21 -5.51051e-05
19 0 0 0 1.72345e-05 5.35315e-22 -3.23147e-05 6.03208e-05 1.22162e-21 -5.17035e-05 0.000116333 1.27127e-21 -5.81664e-05
20 0 0 0 1.81416e-05 3.14903e-22 -3.40155e-05 6.34955e-05 2.59236e-22 -5.44247e-05 0.000122456 4.33657e-22 -6.12278e-05
21 0 0 0 1.90487e-05 8.23727e-22 -3.57162e-05 6.66703e-05 1.15718e-21 -5.7146e-05 0.000128578 1.29264e-21 -6.42892e-05
22 0 0 0 1.99557e-05 8.43808e-22 -3.7417e-05 6.98451e-05 1.86467e-21 -5.98672e-05 0.000134701 2.08112e-21 -6.73506e-05
23 0 0 0 2.08628e-05 8.59235e-22 -3.91178e-05 7.30199e-05 9.93047e-22 -6.25885e-05 0.000140824 9.69124e-22 -7.0412e-05
24 0 0 0 2.17699e-05 3.97555e-22 -4.08186e-05 7.61946e-05 3.84031e-22 -6.53097e-05 0.000146947 5.27601e-22 -7.34734e-05
25 0 0 0 2.2677e-05 -5.95924e-22 -4.25193e-05 7.93694e-05 4.62164e-22 -6.80309e-05 0.00015307 4.37314e-22 -7.65348e-05
26 0 0 0 2.35841e-05 9.32666e-22 -4.42201e-05 8.25442e-05 1.54998e-21 -7.07522e-05 0.000159192 1.66692e-21 -7.95962e-05
27 0 0 0 2.44911e-05 1.11411e-22 -4.59209e-05 8.5719e-05 9.53182e-22 -7.34734e-05 0.000165315 1.00799e-21 -8.26576e-05
28 0 0 0 2.53982e-05 6.94322e-22 -4.76217e-05 8.88938e-05 1.11122e-21 -7.61946e-05 0.000171438 1.43457e-21 -8.5719e-05
29 0 0 0 2.63053e-05 7.58235e-22 -4.93224e-05 9.20685e-05 1.05825e-21 -7.89159e-05 0.000177561 1.06364e-21 -8.87804e-05
30 0 0 0 2.72124e-05 1.7624e-21 -5.10232e-05 9.52433e-05 2.41681e-21 -8.16371e-05 0.000183684 2.56991e-21 -9.18418e-05
31 0 0 0 2.81195e-05 9.41141e-22 -5.2724e-05 9.84181e-05 1.63654e-21 -8.43584e-05 0.000189806 1.641e-21 -9.49032e-05
32 0 0 0 2.90265e-05 3.68912e-22 -5.44247e-05 0.000101593 1.17318e-21 -8.70796e-05 0.000195929 1.1989e-21 -9.79645e-05
33 0 0 0 2.99336e-05 1.42428e-21 -5.61255e-05 0.000104768 1.62834e-21 -8.98008e-05 0.000202052 1.8715e-21 -0.000101026
34 0 0 0 3.08407e-05 2.83397e-22 -5.78263e-05 0.000107942 1.11184e-21 -9.25221e-05 0.000208175 1.4098e-21 -0.000104087
35 0 0 0 3.17478e-05 1.58795e-22 -5.95271e-05 0.000111117 1.08175e-21 -9.52433e-05 0.000214297 1.28538e-21 -0.000107149
36 0 0 0 3.26548e-05 9.57374e-22 -6.12278e-05 0.000114292 2.35459e-21 -9.79645e-05 0.00022042 2.68693e-21 -0.00011021
37 0 0 0 3.35619e-05 5.84521e-22 -6.29286e-05 0.000117467 8.73399e-22 -0.000100686 0.000226543 1.40164e-21 -0.000113272
38 0 0 0 3.4469e-05 8.13676e-22 -6.46294e-05 0.000120642 2.04771e-21 -0.000103407 0.000232666 2.15162e-21 -0.000116333
39 0 0 0 3.53761e-05 1.42762e-21 -6.63302e-05 0.000123816 1.85238e-21 -0.000106128 0.000238789 2.30949e-21 -0.000119394
40 0 0 0 3.62832e-05 -3.52092e-23 -6.80309e-05 0.000126991 6.0005e-22 -0.000108849 0.000244911 8.42189e-22 -0.000122456
41 0 0 0 3.71902e-05 1.86187e-22 -6.97317e-05 0.000130166 5.18373e-22 -0.000111571 0.000251034 4.63408e-22 -0.000125517
42 0 0 0 3.80973e-05 1.72719e-21 -7.14325e-05 0.000133341 1.84164e-21 -0.000114292 0.000257157 1.84594e-21 -0.000128578
43 0 0 0 3.90044e-05 2.46371e-21 -7.31333e-05 0.000136515 3.86233e-21 -0.000117013 0.00026328 4.07108e-21 -0.00013164
44 0 0 0 3.99115e-05 2.07456e-21 -7.4834e-05 0.00013969 3.80819e-21 -0.000119734 0.000269402 4.16475e-21 -0.000134701
45 0 0 0 4.08186e-05 8.57658e-22 -7.65348e-05 0.000142865 1.54851e-21 -0.000122456 0.000275525 1.4559e-21 -0.000137763
46 0 0 0 4.17256e-05 1.02785e-21 -7.82356e-05 0.00014604 1.72206e-21 -0.000125177 0.000281648 2.01698e-21 -0.000140824
47 0 0 0 4.26327e-05 3.63306e-22 -7.99363e-05 0.000149215 7.92453e-22 -0.000127898 0.000287771 1.13588e-21 -0.000143885
48 0 0 0 4.35398e-05 1.06336e-21 -8.16371e-05 0.000152389 1.654e-22 -0.000130619 0.000293894 3.28479e-22 -0.000146947
49 0 0 0 4.44469e-05 3.62352e-22 -8.33379e-05 0.000155564 7.04736e-22 -0.000133341 0.000300016 1.15216e-21 -0.000150008
50 0 0 0 4.5354e-05 -1.64197e-21 -8.50387e-05 0.000158739 4.34156e-22 -0.000136062 0.000306139 5.76525e-22 -0.00015307
51 0 0 0 4.6261e-05 9.89781e-22 -8.67394e-05 0.000161914 1.86875e-21 -0.000138783 0.000312262 2.08018e-21 -0.000156131
52 0 0 0 4.71681e-05 3.88072e-22 -8.84402e-05 0.000165088 9.08494e-22 -0.000141504 0.000318385 1.11161e-21 -0.000159192
53 0 0 0 4.80752e-05 4.81465e-22 -9.0141e-05 0.000168263 1.73952e-21 -0.000144226 0.000324508 2.17831e-21 -0.000162254
54 0 0 0 4.89823e-05 -8.12242e-22 -9.18418e-05 0.000171438 5.4809e-22 -0.000146947 0.00033063 8.70524e-22 -0.000165315
55 0 0 0 4.98894e-05 1.65194e-21 -9.35425e-05 0.000174613 3.09825e-21 -0.000149668 0.000336753 3.25023e-21 -0.000168377
56 0 0 0 5.07964e-05 1.54518e-21 -9.52433e-05 0.000177788 3.47545e-21 -0.000152389 0.000342876 3.93156e-21 -0.000171438
57 0 0 0 5.17035e-05 1.32981e-21 -9.69441e-05 0.000180962 2.18937e-21 -0.000155111 0.000348999 2.43468e-21 -0.000174499
58 0 0 0 5.26106e-05 -1.0974e-22 -9.86449e-05 0.000184137 8.19507e-22 -0.000157832 0.000355121 1.23706e-21 -0.000177561
59 0 0 0 5.35177e-05 6.81857e-22 -0.000100346 0.000187312 1.03146e-21 -0.000160553 0.000361244 1.07879e-21 -0.000180622
60 0 0 0 5.44247e-05 2.98623e-21 -0.000102046 0.000190487 3.84539e-21 -0.000163274 0.000367367 4.16543e-21 -0.000183684
61 0 0 0 5.53318e-05 7.95718e-22 -0.000103747 0.000193661 1.46003e-21 -0.000165995 0.00037349 2.0167e-21 -0.000186745
62 0 0 0 5.62389e-05 2.3662e-21 -0.000105448 0.000196836 3.54007e-21 -0.000168717 0.000379613 3.67571e-21 -0.000189806
63 0 0 0 5.7146e-05 4.0484e-21 -0.000107149 0.000200011 4.22448e-21 -0.000171438 0.000385735 4.20188e-21 -0.000192868
64 0 0 0 5.80531e-05 -6.83579e-22 -0.000108849 0.000203186 -1.03512e-23 -0.000174159 0.000391858 1.82349e-22 -0.000195929
65 0 0 0 5.89601e-05 2.2904e-22 -0.00011055 0.00020636 4.0486e-22 -0.00017688 0.000397981 5.65774e-22 -0.00019899
66 0 0 0 5.98672e-05 3.5109e-21 -0.000112251 0.000209535 5.0093e-21 -0.000179602 0.000404104 5.39734e-21 -0.000202052
67 0 0 0 6.07743e-05 8.53414e-23 -0.000113952 0.00021271 5.59576e-22 -0.000182323 0.000410227 1.09349e-21 -0.000205113
68 0 0 0 6.16814e-05 3.9285e-22 -0.000115653 0.000215885 1.86151e-21 -0.000185044 0.000416349 2.69334e-21 -0.000208175
69 0 0 0 6.25885e-05 1.17359e-21 -0.000117353 0.00021906 2.57307e-21 -0.000187765 0.000422472 2.97301e-21 -0.000211236
70 0 0 0 6.34955e-05 3.45158e-21 -0.000119054 0.000222234 5.13797e-21 -0.000190487 0.000428595 5.26369e-21 -0.000214297
71 0 0 0 6.44026e-05 2.17494e-21 -0.000120755 0.000225409 3.0924e-21 -0.000193208 0.000434718 3.99121e-21 -0.000217359
72 0 0 0 6.53097e-05 2.41263e-21 -0.000122456 0.000228584 4.23607e-21 -0.000195929 0.00044084 4.84553e-21 -0.00022042
73 0 0 0 6.62168e-05 4.65339e-21 -0.000124156 0.000231759 5.42086e-21 -0.00019865 0.000446963 5.63741e-21 -0.000223482
74 0 0 0 6.71239e-05 1.52884e-21 -0.000125857 0.000234933 1.49091e-21 -0.000201372 0.000453086 2.88047e-21 -0.000226543
75 0 0 0 6.80309e-05 3.57565e-21 -0.000127558 0.000238108 8.68491e-21 -0.000204093 0.000459209 8.7863e-21 -0.000229604
76 0 0 0 6.8938e-05 -4.23988e-22 -0.000129259 0.000241283 1.98542e-21 -0.000206814 0.000465332 2.20921e-21 -0.000232666
77 0 0 0 6.98451e-05 1.69575e-21 -0.00013096 0.000244458 1.44021e-21 -0.000209535 0.000471454 1.23889e-21 -0.000235727
78 0 0 0 7.07522e-05 2.32133e-21 -0.00013266 0.000247633 3.04392e-21 -0.000212257 0.000477577 3.73943e-21 -0.000238789
79 0 0 0 7.16592e-05 5.4043e-22 -0.000134361 0.000250807 1.92308e-21 -0.000214978 0.0004837 2.00923e-21 -0.00024185
80 0 0 0 7.25663e-05 7.0054e-22 -0.000136062 0.000253982 1.40813e-21 -0.000217699 0.000489823 1.51952e-21 -0.000244911
81 0 0 0 7.34734e-05 -2.10129e-21 -0.000137763 0.000257157 1.03515e-21 -0.00022042 0.000495945 1.05559e-21 -0.000247973
82 0 0 0 7.43805e-05 -1.35314e-21 -0.000139463 0.000260332 -4.68928e-22 -0.000223141 0.000502068 -8.24135e-22 -0.000251034
83 0 0 0 7.52876e-05 2.06992e-21 -0.000141164 0.000263506 3.32016e-21 -0.000225863 0.000508191 4.44575e-21 -0.000254096
84 0 0 0 7.61946e-05 3.46352e-21 -0.000142865 0.000266681 4.58718e-21 -0.000228584 0.000514314 4.97095e-21 -0.000257157
85 0 0 0 7.71017e-05 2.13413e-21 -0.000144566 0.000269856 3.91475e-21 -0.000231305 0.000520437 4.23996e-21 -0.000260218
86 0 0 0 7.80088e-05 2.76591e-21 -0.000146267 0.000273031 5.44398e-21 -0.000234026 0.000526559 5.68059e-21 -0.00026328
87 0 0 0 7.89159e-05 1.28912e-21 -0.000147967 0.000276206 1.3612e-21 -0.000236748 0.000532682 1.65349e-21 -0.000266341
88 0 0 0 7.9823e-05 1.82781e-21 -0.000149668 0.00027938 3.30005e-21 -0.000239469 0.000538805 3.93351e-21 -0.000269402
89 0 0 0 8.073e-05 3.09884e-21 -0.000151369 0.000282555 4.23349e-21 -0.00024219 0.000544928 4.35088e-21 -0.000272464
90 0 0 0 8.16371e-05 2.51575e-21 -0.00015307 0.00028573 3.47804e-21 -0.000244911 0.000551051 3.27137e-21 -0.000275525
91 0 0 0 8.25442e-05 1.57425e-21 -0.00015477 0.000288905 1.61556e-21 -0.000247633 0.000557173 2.34043e-21 -0.000278587
92 0 0 0 8.34513e-05 1.68626e-21 -0.000156471 0.000292079 3.02765e-21 -0.000250354 0.000563296 3.34661e-21 -0.000281648
93 0 0 0 8.43584e-05 1.14817e-21 -0.000158172 0.000295254 3.54681e-21 -0.000253075 0.000569419 4.0898e-21 -0.000284709
94 0 0 0 8.52654e-05 2.62401e-21 -0.000159873 0.000298429 4.25605e-21 -0.000255796 0.000575542 4.5095e-21 -0.000287771
95 0 0 0 8.61725e-05 2.55914e-21 -0.000161573 0.000301604 4.02115e-21 -0.000258518 0.000581664 4.53664e-21 -0.000290832
96 0 0 0 8.70796e-05 2.46479e-21 -0.000163274 0.000304779 2.35416e-21 -0.000261239 0.000587787 3.19531e-21 -0.000293894
97 0 0 0 8.79867e-05 -7.63729e-23 -0.000164975 0.000307953 1.51493e-21 -0.00026396 0.00059391 1.37997e-21 -0.000296955
98 0 0 0 8.88938e-05 3.69733e-21 -0.000166676 0.000311128 5.22644e-21 -0.000266681 0.000600033 5.74685e-21 -0.000300016
99 0 0 0 8.98008e-05 3.72556e-21 -0.000168377 0.000314303 4.96285e-21 -0.000269402 0.000606156 4.7457e-21 -0.000303078
100 0 0 0 9.07079e-05 -6.68175e-22 -0.000170077 0.000317478 4.38118e-21 -0.000272124 0.000612278 4.38495e-21 -0.000306139
101 0 0 0 9.1615e-05 4.58262e-21 -0.000171778 0.000320652 4.49926e-21 -0.000274845 0.000618401 4.68401e-21 -0.000309201
102 0 0 0 9.25221e-05 2.33625e-21 -0.000173479 0.000323827 6.05565e-21 -0.000277566 0.000624524 6.60252e-21 -0.000312262
103 0 0 0 9.34291e-05 2.33655e-21 -0.00017518 0.000327002 5.10936e-21 -0.000280287 0.000630647 4.80463e-21 -0.000315323
104 0 0 0 9.43362e-05 4.30423e-21 -0.00017688 0.000330177 5.83721e-21 -0.000283009 0.00063677 6.15371e-21 -0.000318385
105 0 0 0 9.52433e-05 8.68926e-21 -0.000178581 0.000333352 1.10413e-20 -0.00028573 0.000642892 1.08251e-20 -0.000321446
106 0 0 0 9.61504e-05 2.60742e-21 -0.000180282 0.000336526 3.46831e-21 -0.000288451 0.000649015 4.02689e-21 -0.000324508
107 0 0 0 9.70575e-05 2.50842e-21 -0.000181983 0.000339701 4.8835e-21 -0.000291172 0.000655138 5.63819e-21 -0.000327569
108 0 0 0 9.79645e-05 -4.36155e-22 -0.000183684 0.000342876 2.04276e-21 -0.000293894 0.000661261 2.43924e-21 -0.00033063
109 0 0 0 9.88716e-05 1.15915e-21 -0.000185384 0.000346051 3.24849e-21 -0.000296615 0.000667383 3.88375e-21 -0.000333692
110 0 0 0 9.97787e-05 1.97558e-21 -0.000187085 0.000349225 3.34641e-21 -0.000299336 0.000673506 3.85853e-21 -0.000336753
111 0 0 0 0.000100686 -2.52174e-22 -0.000188786 0.0003524 2.12084e-21 -0.000302057 0.000679629 2.64209e-21 -0.000339815
112 0 0 0 0.000101593 4.95207e-21 -0.000190487 0.000355575 5.56703e-21 -0.000304779 0.000685752 6.08462e-21 -0.000342876
113 0 0 0 0.0001025 3.23324e-21 -0.000192187 0.00035875 3.03504e-21 -0.0003075 0.000691875 2.82556e-21 -0.000345937
114 0 0 0 0.000103407 -4.96426e-22 -0.000193888 0.000361925 2.19119e-22 -0.000310221 0.000697997 9.90048e-22 -0.000348999
115 0 0 0 0.000104314 3.73791e-25 -0.000195589 0.000365099 5.0012e-22 -0.000312942 0.00070412 1.22743e-21 -0.00035206
116 0 0 0 0.000105221 6.00523e-21 -0.00019729 0.000368274 8.38845e-21 -0.000315664 0.000710243 9.41426e-21 -0.000355121
117 0 0 0 0.000106128 2.47727e-21 -0.00019899 0.000371449 3.99148e-21 -0.000318385 0.000716366 5.11021e-21 -0.000358183
118 0 0 0 0.000107035 4.02293e-21 -0.000200691 0.000374624 4.82173e-21 -0.000321106 0.000722489 4.80998e-21 -0.000361244
119 0 0 0 0.000107942 9.75951e-22 -0.000202392 0.000377798 1.97167e-21 -0.000323827 0.000728611 2.02685e-21 -0.000364306
120 0 0 0 0.000108849 2.63953e-21 -0.000204093 0.000380973 6.71498e-21 -0.000326548 0.000734734 7.55973e-21 -0.000367367
121 0 0 0 0.000109757 1.88887e-21 -0.000205794 0.000384148 5.0891e-21 -0.00032927 0.000740857 6.22926e-21 -0.000370428
122 0 0 0 0.000110664 3.06836e-21 -0.000207494 0.000387323 4.96825e-21 -0.000331991 0.00074698 4.96705e-21 -0.00037349
123 0 0 0 0.000111571 3.94064e-21 -0.000209195 0.000390498 7.5254e-21 -0.000334712 0.000753102 9.08335e-21 -0.000376551
124 0 0 0 0.000112478 4.21401e-21 -0.000210896 0.000393672 5.0834e-21 -0.000337433 0.000759225 5.38519e-21 -0.000379613
125 0 0 0 0.000113385 6.12894e-21 -0.000212597 0.000396847 8.8787e-21 -0.000340155 0.000765348 9.83662e-21 -0.000382674
126 0 0 0 0.000114292 5.04625e-21 -0.000214297 0.000400022 6.26137e-21 -0.000342876 0.000771471 7.14233e-21 -0.000385735
127 0 0 0 0.000115199 5.993e-21 -0.000215998 0.000403197 6.98922e-21 -0.000345597 0.000777594 7.01276e-21 -0.000388797
128 0 0 0 0.000116106 5.42232e-21 -0.000217699 0.000406371 8.37184e-21 -0.000348318 0.000783716 8.5523e-21 -0.000391858
129 0 0 0 0.000117013 8.26884e-22 -0.0002194 0.000409546 3.6087e-21 -0.00035104 0.000789839 4.99766e-21 -0.00039492
130 0 0 0 0.00011792 9.10967e-22 -0.000221101 0.000412721 1.08757e-21 -0.000353761 0.000795962 1.55434e-21 -0.000397981
131 0 0 0 0.000118827 1.46673e-21 -0.000222801 0.000415896 5.82157e-21 -0.000356482 0.000802085 7.6357e-21 -0.000401042
132 0 0 0 0.000119734 5.55074e-21 -0.000224502 0.000419071 5.05991e-21 -0.000359203 0.000808207 6.05697e-21 -0.000404104
133 0 0 0 0.000120642 6.302e-21 -0.000226203 0.000422245 1.20049e-20 -0.000361925 0.00081433 1.22116e-20 -0.000407165
134 0 0 0 0.000121549 -2.29337e-21 -0.000227904 0.00042542 9.67219e-22 -0.000364646 0.000820453 1.86735e-21 -0.000410227
135 0 0 0 0.000122456 1.01176e-21 -0.000229604 0.000428595 1.06514e-21 -0.000367367 0.000826576 2.37936e-21 -0.000413288
136 0 0 0 0.000123363 3.8328e-21 -0.000231305 0.00043177 6.29408e-21 -0.000370088 0.000832699 7.33001e-21 -0.000416349
137 0 0 0 0.00012427 -3.0062e-21 -0.000233006 0.000434944 1.10426e-21 -0.00037281 0.000838821 1.60861e-21 -0.000419411
138 0 0 0 0.000125177 7.66887e-21 -0.000234707 0.000438119 7.76375e-21 -0.000375531 0.000844944 8.15466e-21 -0.000422472
139 0 0 0 0.000126084 4.67775e-21 -0.000236407 0.000441294 5.63206e-21 -0.000378252 0.000851067 7.21867e-21 -0.000425533
140 0 0 0 0.000126991 8.22803e-21 -0.000238108 0.000444469 1.15421e-20 -0.000380973 0.00085719 1.12221e-20 -0.000428595
141 0 0 0 0.000127898 5.37035e-21 -0.000239809 0.000447644 6.6223e-21 -0.000383694 0.000863313 7.4638e-21 -0.000431656
142 0 0 0 0.000128805 4.61348e-21 -0.00024151 0.000450818 6.92812e-21 -0.000386416 0.000869435 8.67169e-21 -0.000434718
143 0 0 0 0.000129712 1.90785e-21 -0.000243211 0.000453993 2.34962e-21 -0.000389137 0.000875558 3.23733e-21 -0.000437779
144 0 0 0 0.000130619 3.66452e-21 -0.000244911 0.000457168 5.76013e-21 -0.000391858 0.000881681 7.45991e-21 -0.00044084
145 0 0 0 0.000131526 7.28307e-21 -0.000246612 0.000460343 9.81764e-21 -0.000394579 0.000887804 9.93038e-21 -0.000443902
146 0 0 0 0.000132434 5.72249e-21 -0.000248313 0.000463517 7.19101e-21 -0.000397301 0.000893926 7.66199e-21 -0.000446963
147 0 0 0 0.000133341 8.35362e-22 -0.000250014 0.000466692 3.92358e-21 -0.000400022 0.000900049 4.17329e-21 -0.000450025
148 0 0 0 0.000134248 -8.08999e-22 -0.000251714 0.000469867 -1.00092e-21 -0.000402743 0.000906172 1.33702e-21 -0.000453086
149 0 0 0 0.000135155 -1.91177e-22 -0.000253415 0.000473042 2.29942e-21 -0.000405464 0.000912295 3.2276e-21 -0.000456147
150 0 0 0 0.000136062 6.7229e-21 -0.000255116 0.000476217 1.38758e-20 -0.000408186 0.000918418 1.44757e-20 -0.000459209
151 0 0 0 0.000136969 2.06229e-21 -0.000256817 0.000479391 -1.16799e-21 -0.000410907 0.00092454 -3.03776e-22 -0.00046227
152 0 0 0 0.000137876 3.44348e-21 -0.000258518 0.000482566 5.90111e-21 -0.000413628 0.000930663 6.35786e-21 -0.000465332
153 0 0 0 0.000138783 1.85498e-21 -0.000260218 0.000485741 1.4669e-21 -0.000416349 0.000936786 2.55614e-21 -0.000468393
154 0 0 0 0.00013969 2.19352e-21 -0.000261919 0.000488916 1.52137e-21 -0.000419071 0.000942909 1.16864e-21 -0.000471454
155 0 0 0 0.000140597 8.44042e-21 -0.00026362 0.00049209 7.46093e-21 -0.000421792 0.000949032 7.49398e-21 -0.000474516
156 0 0 0 0.000141504 3.47881e-21 -0.000265321 0.000495265 4.25867e-21 -0.000424513 0.000955154 5.40169e-21 -0.000477577
157 0 0 0 0.000142411 2.23786e-21 -0.000267021 0.00049844 8.9194e-22 -0.000427234 0.000961277 2.16745e-21 -0.000480639
158 0 0 0 0.000143318 -1.12564e-21 -0.000268722 0.000501615 -9.46877e-23 -0.000429955 0.0009674 -6.16067e-22 -0.0004837
159 0 0 0 0.000144226 7.29966e-21 -0.000270423 0.00050479 8.18618e-21 -0.000432677 0.000973523 9.43264e-21 -0.000486761
160 0 0 0 0.000145133 -9.4816e-22 -0.000272124 0.000507964 1.17793e-21 -0.000435398 0.000979645 1.64455e-21 -0.000489823
161 0 0 0 0.00014604 3.61064e-21 -0.000273825 0.000511139 7.04612e-21 -0.000438119 0.000985768 8.85312e-21 -0.000492884
162 0 0 0 0.000146947 -1.12821e-22 -0.000275525 0.000514314 2.58088e-21 -0.00044084 0.000991891 2.38735e-21 -0.000495945
163 0 0 0 0.000147854 6.61507e-21 -0.000277226 0.000517489 1.37244e-20 -0.000443562 0.000998014 1.4682e-20 -0.000499007
164 0 0 0 0.000148761 5.58053e-22 -0.000278927 0.000520663 9.56079e-23 -0.000446283 0.00100414 -1.02145e-22 -0.000502068
165 0 0 0 0.000149668 6.94459e-21 -0.000280628 0.000523838 9.71548e-21 -0.000449004 0.00101026 1.00234e-20 -0.00050513
166 0 0 0 0.000150575 2.73705e-21 -0.000282328 0.000527013 1.5389e-21 -0.000451725 0.00101638 3.70461e-21 -0.000508191
167 0 0 0 0.000151482 -4.3095e-22 -0.000284029 0.000530188 3.57162e-21 -0.000454447 0.0010225 3.51299e-21 -0.000511252
168 0 0 0 0.000152389 1.97738e-21 -0.00028573 0.000533363 3.2925e-21 -0.000457168 0.00102863 3.63633e-21 -0.000514314
169 0 0 0 0.000153296 9.26693e-21 -0.000287431 0.000536537 1.25121e-20 -0.000459889 0.00103475 1.3083e-20 -0.000517375
170 0 0 0 0.000154203 6.17341e-21 -0.000289131 0.000539712 9.71322e-21 -0.00046261 0.00104087 1.04112e-20 -0.000520437
171 0 0 0 0.000155111 5.60583e-21 -0.000290832 0.000542887 7.40155e-21 -0.000465332 0.001047 7.45006e-21 -0.000523498
172 0 0 0 0.000156018 6.29192e-21 -0.000292533 0.000546062 1.26072e-20 -0.000468053 0.00105312 1.45291e-20 -0.000526559
173 0 0 0 0.000156925 8.20065e-21 -0.000294234 0.000549236 1.11613e-20 -0.000470774 0.00105924 1.15601e-20 -0.000529621
174 0 0 0 0.000157832 6.85419e-21 -0.000295935 0.000552411 8.72088e-21 -0.000473495 0.00106536 9.60633e-21 -0.000532682
175 0 0 0 0.000158739 4.64816e-21 -0.000297635 0.000555586 9.67061e-21 -0.000476217 0.00107149 1.03965e-20 -0.000535744
176 0 0 0 0.000159646 6.92305e-21 -0.000299336 0.000558761 9.05015e-21 -0.000478938 0.00107761 9.54038e-21 -0.000538805
177 0 0 0 0.000160553 5.80933e-21 -0.000301037 0.000561936 8.20316e-21 -0.000481659 0.00108373 8.38329e-21 -0.000541866
178 0 0 0 0.00016146 3.54434e-21 -0.000302738 0.00056511 7.50357e-21 -0.00048438 0.00108986 8.0082e-21 -0.000544928
179 0 0 0 0.000162367 -6.03783e-21 -0.000304438 0.000568285 -3.07328e-21 -0.000487101 0.00109598 -9.67226e-22 -0.000547989
180 0 0 0 0.000163274 3.43633e-21 -0.000306139 0.00057146 5.25259e-21 -0.000489823 0.0011021 4.88876e-21 -0.000551051
181 0 0 0 0.000164181 1.82921e-21 -0.00030784 0.000574635 3.28692e-21 -0.000492544 0.00110822 3.76271e-21 -0.000554112
182 0 0 0 0.000165088 5.01332e-21 -0.000309541 0.000577809 5.69667e-21 -0.000495265 0.00111435 5.95545e-21 -0.000557173
183 0 0 0 0.000165995 5.51012e-21 -0.000311242 0.000580984 8.16072e-21 -0.000497986 0.00112047 9.06673e-21 -0.000560235
184 0 0 0 0.000166903 4.48949e-21 -0.000312942 0.000584159 7.73576e-21 -0.000500708 0.00112659 8.00894e-21 -0.000563296
185 0 0 0 0.00016781 4.8994e-21 -0.000314643 0.000587334 8.72583e-21 -0.000503429 0.00113272 9.10628e-21 -0.000566358
186 0 0 0 0.000168717 7.24877e-21 -0.000316344 0.000590508 6.46692e-21 -0.00050615 0.00113884 7.62492e-21 -0.000569419
187 0 0 0 0.000169624 -3.77015e-21 -0.000318045 0.000593683 1.58896e-21 -0.000508871 0.00114496 1.50437e-21 -0.00057248
188 0 0 0 0.000170531 -3.67882e-23 -0.000319745 0.000596858 1.29433e-21 -0.000511593 0.00115108 3.32009e-21 -0.000575542
189 0 0 0 0.000171438 6.18271e-22 -0.000321446 0.000600033 2.25647e-21 -0.000514314 0.00115721 3.97213e-21 -0.000578603
190 0 0 0 0.000172345 6.03353e-21 -0.000323147 0.000603208 8.17431e-21 -0.000517035 0.00116333 8.23156e-21 -0.000581664
191 0 0 0 0.000173252 5.05014e-21 -0.000324848 0.000606382 4.38866e-21 -0.000519756 0.00116945 3.69361e-21 -0.000584726
192 0 0 0 0.000174159 8.82933e-22 -0.000326548 0.000609557 9.75379e-22 -0.000522478 0.00117557 2.29603e-21 -0.000587787
193 0 0 0 0.000175066 3.80017e-21 -0.000328249 0.000612732 9.74034e-21 -0.000525199 0.0011817 8.10237e-21 -0.000590849
194 0 0 0 0.000175973 1.89515e-21 -0.00032995 0.000615907 3.35271e-21 -0.00052792 0.00118782 3.89103e-21 -0.00059391
195 0 0 0 0.00017688 6.02261e-21 -0.000331651 0.000619081 1.04078e-20 -0.000530641 0.00119394 1.10627e-20 -0.000596971
196 0 0 0 0.000177788 6.64354e-21 -0.000333352 0.000622256 1.16167e-20 -0.000533363 0.00120007 1.30445e-20 -0.000600033
197 0 0 0 0.000178695 7.08448e-21 -0.000335052 0.000625431 1.16215e-20 -0.000536084 0.00120619 1.23529e-20 -0.000603094
198 0 0 0 0.000179602 6.38347e-21 -0.000336753 0.000628606 7.71018e-21 -0.000538805 0.00121231 8.03834e-21 -0.000606156
199 0 0 0 0.000180509 5.66384e-21 -0.000338454 0.000631781 4.17433e-21 -0.000541526 0.00121843 6.52595e-21 -0.000609217
200 0 0 0 0.000181416 -1.98197e-21 -0.000340155 0.000634955 2.52208e-21 -0.000544247 0.00122456 3.7979e-21 -0.000612278
201 0 0 0 0.000182323 1.32981e-20 -0.000341855 0.00063813 1.54794e-20 -0.000546969 0.00123068 1.67787e-20 -0.00061534
202 0 0 0 0.00018323 4.17524e-21 -0.000343556 0.000641305 6.26169e-21 -0.00054969 0.0012368 8.06237e-21 -0.000618401
203 0 0 0 0.000184137 3.47423e-21 -0.000345257 0.00064448 2.7941e-21 -0.000552411 0.00124293 3.74242e-21 -0.000621463
204 0 0 0 0.000185044 6.48456e-21 -0.000346958 0.000647654 9.03622e-21 -0.000555132 0.00124905 9.48825e-21 -0.000624524
205 0 0 0 0.000185951 1.40193e-21 -0.000348659 0.000650829 3.2475e-21 -0.000557854 0.00125517 3.94256e-21 -0.000627585
206 0 0 0 0.000186858 8.25395e-21 -0.000350359 0.000654004 1.34337e-20 -0.000560575 0.00126129 1.24672e-20 -0.000630647
207 0 0 0 0.000187765 5.93931e-21 -0.00035206 0.000657179 8.93277e-21 -0.000563296 0.00126742 1.01589e-20 -0.000633708
208 0 0 0 0.000188672 4.17082e-21 -0.000353761 0.000660354 9.68855e-21 -0.000566017 0.00127354 1.04192e-20 -0.00063677
209 0 0 0 0.00018958 6.74672e-21 -0.000355462 0.000663528 1.22255e-20 -0.000568739 0.00127966 1.38221e-20 -0.000639831
