0 0 0 0 0 0 0 0 0 0 0 0 0
1 -1000 5.31723e-13 3000 -6.36646e-12 1.61056e-13 0 1.44382e-11 -5.75688e-13 -2.95586e-12 -3.29692e-12 -1.17092e-13 -3.11149e-12
2 -2000 8.68046e-13 6000 6.82121e-12 -1.0445e-12 -1.81899e-12 8.18545e-12 3.46538e-13 -1.25056e-11 -1.45519e-11 -1.70086e-13 -6.14813e-12
3 -3000 -2.31755e-12 9000 -9.09495e-13 1.85096e-12 0 3.00133e-11 1.18527e-12 -1.50067e-11 -2.27374e-11 -7.18684e-13 -1.23084e-11
4 -4000 2.79599e-12 12000 -2.86491e-11 -3.36205e-12 0 -4.54747e-13 -1.91699e-13 1.31877e-11 1.54614e-11 7.57764e-13 7.42137e-12
5 -5000 -1.02993e-11 15000 -3.18323e-11 1.09175e-11 1.45519e-11 9.91349e-11 -6.17728e-13 -2.18279e-11 -6.36646e-11 -4.44089e-16 -3.16525e-11
6 -6000 8.89244e-12 18000 8.0945e-11 -1.16683e-11 -3.45608e-11 -1.50067e-10 2.6783e-12 0 7.45786e-11 9.75516e-14 3.5767e-11
7 -7000 1.24049e-11 21000 -5.27507e-11 -3.46626e-12 2.72848e-11 1.15506e-10 -7.04932e-12 9.09495e-13 -5.00222e-11 -1.8893e-12 -2.52491e-11
8 -8000 -3.23415e-12 24000 -7.27596e-12 -1.94333e-12 -1.45519e-11 -4.45652e-11 -6.55772e-14 9.09495e-12 3.00133e-11 5.24307e-12 1.34899e-11
9 -9000 -1.65474e-11 27000 -2.91038e-11 3.35341e-11 3.63798e-11 -9.09495e-11 -9.02937e-12 9.27685e-11 1.49157e-10 -7.95734e-12 7.52338e-11
10 -10000 9.62193e-12 30000 5.63887e-11 -3.79773e-11 -6.54836e-11 9.45874e-11 2.21638e-11 -1.27329e-10 -1.87356e-10 6.19164e-12 -1.04613e-10
11 -11000 1.04568e-12 33000 4.36557e-11 3.44388e-11 6.18456e-11 -2.63753e-10 -3.263e-11 1.49157e-10 3.11047e-10 -2.85446e-12 1.72508e-10
12 -12000 -3.34784e-12 36000 -1.03682e-10 -5.65841e-11 -4.36557e-11 3.89264e-10 5.69282e-11 -1.78261e-10 -3.87445e-10 3.00367e-12 -2.07768e-10
13 -13000 9.29745e-12 39000 8.73115e-11 6.96675e-11 7.27596e-12 -2.91038e-10 -7.42276e-11 8.54925e-11 2.61934e-10 -4.7374e-12 1.47847e-10
14 -14000 9.04402e-12 42000 -2.3465e-10 -9.3447e-11 8.00355e-11 4.32919e-10 8.22354e-11 2.91038e-11 -2.20098e-10 2.1676e-12 -1.31572e-10
15 -15000 -1.52589e-11 45000 3.81988e-10 1.06909e-10 -1.41881e-10 -3.58341e-10 -8.93882e-11 -2.25555e-10 5.45697e-12 -2.26234e-12 2.72201e-11
16 -16000 -9.33535e-12 48000 -3.31056e-10 -8.745e-11 1.41881e-10 3.87445e-10 9.07335e-11 1.76442e-10 -5.27507e-11 6.0519e-12 -4.80486e-11
17 -17000 2.17272e-11 51000 3.20142e-10 7.39213e-11 -1.23691e-10 -5.12955e-10 -8.41799e-11 -1.27329e-10 1.78261e-10 -1.14686e-11 1.08243e-10
18 -18000 -2.22199e-11 54000 -5.09317e-10 -4.79439e-11 8.73115e-11 4.91127e-10 6.37352e-11 2.07365e-10 -7.63976e-11 6.42849e-12 -5.17115e-11
19 -19000 2.70137e-11 57000 6.62112e-10 3.90668e-11 -1.01863e-10 -5.45697e-10 -7.0483e-11 -2.80124e-10 3.63798e-11 4.40255e-12 2.49174e-11
20 -20000 -3.84013e-11 60000 -8.84029e-10 -6.42958e-11 1.74623e-10 7.82165e-10 1.13071e-10 3.52884e-10 -8.00355e-11 -1.03735e-11 -5.03293e-11
21 -21000 6.26355e-11 63000 1.09503e-09 5.86968e-11 -2.83762e-10 -1.26238e-09 -1.33733e-10 -3.20142e-10 3.7835e-10 1.24009e-11 2.23112e-10
22 -22000 -6.22755e-11 66000 -9.85892e-10 -2.58507e-11 1.81899e-10 1.02591e-09 1.04359e-10 2.91038e-10 -2.80124e-10 -1.62331e-11 -1.73341e-10
23 -23000 6.24082e-11 69000 9.34961e-10 -1.7985e-11 -7.27596e-11 -5.45697e-10 -7.25223e-11 -4.54747e-10 -9.82254e-11 2.80992e-11 -1.20677e-11
24 -24000 -8.55813e-11 72000 -8.11269e-10 3.35885e-11 -3.63798e-11 2.91038e-10 8.81495e-11 4.00178e-10 1.85537e-10 -3.61567e-11 6.4624e-11
25 -25000 3.64307e-11 75000 1.02227e-09 6.75359e-11 -8.73115e-11 -5.71163e-10 -1.48475e-10 -5.16593e-10 -1.23691e-10 4.4508e-11 -1.80851e-11
26 -26000 3.76173e-11 78000 -1.015e-09 -1.63488e-10 1.38243e-10 8.03993e-10 1.7718e-10 4.80213e-10 -5.82077e-11 -5.13102e-11 -9.83859e-11
27 -27000 -7.83551e-11 81000 8.40373e-10 2.14817e-10 -1.74623e-10 -1.29876e-09 -1.90932e-10 -2.14641e-10 6.03904e-10 5.44698e-11 3.84095e-10
28 -28000 1.06208e-10 84000 -4.83851e-10 -2.63797e-10 1.45519e-10 1.67347e-09 2.25052e-10 -1.45519e-10 -1.15324e-09 -6.74632e-11 -6.54721e-10
29 -29000 -1.03707e-10 87000 2.83762e-10 2.55214e-10 -8.00355e-11 -1.29512e-09 -2.34626e-10 8.36735e-11 9.24047e-10 8.31188e-11 5.3504e-10
30 -30000 1.52138e-10 90000 -2.51021e-10 -2.86705e-10 8.73115e-11 1.56797e-09 2.24777e-10 -1.89175e-10 -1.17143e-09 -9.02101e-11 -6.58299e-10
31 -31000 -1.92876e-10 93000 2.43745e-10 3.29072e-10 -7.27596e-11 -1.66256e-09 -2.33792e-10 2.40107e-10 1.27329e-09 9.7595e-11 7.00826e-10
32 -32000 1.64302e-10 96000 -3.16504e-10 -2.95554e-10 2.18279e-11 1.56433e-09 2.29761e-10 -1.96451e-10 -1.17507e-09 -9.85092e-11 -6.54312e-10
33 -33000 -1.13371e-10 99000 5.02041e-10 2.14931e-10 -7.27596e-11 -2.42289e-09 -1.89572e-10 4.43833e-10 1.8772e-09 8.80121e-11 1.01603e-09
34 -34000 5.70199e-11 102000 -7.567e-10 -1.28453e-10 1.30967e-10 2.98314e-09 1.61999e-10 -5.82077e-10 -2.28465e-09 -9.05653e-11 -1.2231e-09
35 -35000 -6.37274e-11 105000 1.06229e-09 1.39405e-10 -2.18279e-10 -3.09956e-09 -1.70975e-10 4.58385e-10 2.21189e-09 9.52975e-11 1.17436e-09
36 -36000 1.02116e-10 108000 -1.31695e-09 -1.54999e-10 3.92902e-10 2.98314e-09 1.54344e-10 -1.45519e-10 -1.81171e-09 -1.0146e-10 -9.75158e-10
37 -37000 -1.2095e-10 111000 1.40426e-09 1.1932e-10 -3.34694e-10 -2.88856e-09 -9.03853e-11 5.09317e-11 1.70257e-09 9.20148e-11 9.29292e-10
38 -38000 1.31523e-10 114000 -1.38243e-09 -8.40963e-11 1.45519e-10 2.37196e-09 2.37364e-11 -7.27596e-12 -1.36788e-09 -7.11628e-11 -7.52028e-10
39 -39000 -1.02154e-10 117000 1.42609e-09 1.48231e-11 -5.82077e-11 -2.05182e-09 3.32965e-11 -8.73115e-11 1.10595e-09 5.4034e-11 6.09629e-10
40 -40000 3.00761e-11 120000 -1.3315e-09 6.71641e-11 1.45519e-11 1.60071e-09 -5.38312e-11 1.74623e-10 -7.49424e-10 -4.3409e-11 -4.19327e-10
41 -41000 -1.98822e-11 123000 1.34605e-09 -9.25352e-11 1.30967e-10 -1.60799e-09 5.43712e-11 -6.54836e-11 8.58563e-10 5.80462e-11 4.54179e-10
42 -42000 9.45365e-11 126000 -1.38243e-09 6.87213e-12 -1.60071e-10 1.56433e-09 -4.05914e-11 1.52795e-10 -7.78527e-10 -6.08173e-11 -4.25278e-10
43 -43000 -5.91799e-11 129000 1.70985e-09 2.01285e-11 -2.91038e-11 -1.57888e-09 -1.19035e-11 -5.02041e-10 4.65661e-10 5.09549e-11 2.91359e-10
44 -44000 3.955e-11 132000 -1.94268e-09 1.54934e-11 1.60071e-10 9.60426e-10 3.00752e-12 1.06229e-09 4.00178e-10 -5.80509e-11 1.31514e-10
45 -45000 -9.96145e-11 135000 2.21917e-09 -6.7395e-12 -1.30967e-10 -5.31145e-10 2.62384e-11 -1.43336e-09 -9.60426e-10 8.01156e-11 -4.24369e-10
46 -46000 1.07307e-10 138000 -1.82627e-09 -1.16174e-12 -2.91038e-11 1.38243e-10 -7.2243e-12 1.27329e-09 1.00408e-09 -9.89213e-11 4.54117e-10
47 -47000 -1.4039e-10 141000 1.94996e-09 2.09243e-11 -1.45519e-10 -1.40426e-09 2.27899e-11 -7.93079e-10 6.54836e-11 9.6676e-11 4.51936e-11
48 -48000 1.73966e-10 144000 -2.73576e-09 -1.19699e-10 3.92902e-10 3.60887e-09 3.34756e-11 4.72937e-10 -1.57161e-09 -8.77421e-11 -8.34354e-10
49 -49000 -2.0883e-10 147000 2.90311e-09 2.14779e-10 -4.94765e-10 -4.99131e-09 -7.99261e-11 3.63798e-11 2.8158e-09 7.39765e-11 1.47846e-09
50 -50000 1.10301e-10 150000 -2.73576e-09 -3.1933e-11 2.76486e-10 3.9945e-09 -1.94172e-11 1.38243e-10 -2.13186e-09 -5.89509e-11 -1.14926e-09
51 -51000 1.76345e-11 153000 2.64117e-09 -1.54854e-10 -2.03727e-10 -3.18687e-09 8.15186e-11 -3.63798e-10 1.49157e-09 5.57014e-11 8.44739e-10
52 -52000 -4.76478e-11 156000 -2.67028e-09 1.66981e-10 1.89175e-10 2.72121e-09 -6.41625e-11 5.52973e-10 -1.09867e-09 -5.51708e-11 -6.82183e-10
53 -53000 5.1589e-11 159000 3.01225e-09 -1.35262e-10 -1.60071e-10 -3.76895e-09 3.98903e-11 -5.82077e-11 2.09548e-09 4.37832e-11 1.1625e-09
54 -54000 -1.15405e-10 162000 -3.61615e-09 2.03702e-10 4.36557e-11 5.25324e-09 -5.03211e-11 -5.16593e-10 -3.38332e-09 -3.79757e-11 -1.79626e-09
55 -55000 2.35155e-10 165000 3.36149e-09 -3.19625e-10 0 -5.115e-09 3.80429e-11 5.82077e-10 3.38332e-09 4.64264e-11 1.79651e-09
56 -56000 -2.40991e-10 168000 -3.00497e-09 3.48728e-10 -2.03727e-10 5.41331e-09 -4.65789e-11 -1.03319e-09 -3.9945e-09 -6.11583e-11 -2.11356e-09
57 -57000 2.2985e-10 171000 2.82307e-09 -3.90262e-10 3.0559e-10 -5.87897e-09 8.88325e-11 1.49157e-09 4.65661e-09 7.15796e-11 2.42293e-09
58 -58000 -3.00791e-10 174000 -2.41562e-09 4.64234e-10 -5.09317e-10 6.14091e-09 -8.35745e-11 -2.0591e-09 -5.326e-09 -7.98693e-11 -2.75465e-09
59 -59000 3.38838e-10 177000 1.67347e-09 -5.30968e-10 8.87667e-10 -5.1441e-09 9.40526e-11 2.24099e-09 5.02769e-09 9.80781e-11 2.58373e-09
60 -60000 -2.26894e-10 180000 -1.01136e-09 4.43543e-10 -1.00408e-09 3.48518e-09 -1.05374e-10 -1.81899e-09 -3.7835e-09 -1.11275e-10 -1.95626e-09
61 -61000 1.19271e-10 183000 9.09495e-10 -3.4581e-10 9.16771e-10 -3.16504e-09 1.267e-10 1.57161e-09 3.40515e-09 9.98403e-11 1.78339e-09
62 -62000 -4.31761e-11 186000 -8.73115e-10 2.94235e-10 -1.16415e-09 2.25555e-09 -1.71909e-10 -1.25146e-09 -2.6921e-09 -7.91493e-11 -1.46668e-09
63 -63000 1.24727e-10 189000 9.8953e-10 -4.24899e-10 1.35333e-09 -1.76078e-09 2.13168e-10 1.10595e-09 2.34286e-09 8.70031e-11 1.31172e-09
64 -64000 -3.56497e-10 192000 -1.08412e-09 6.8058e-10 -1.39698e-09 2.01544e-09 -2.26687e-10 -1.24419e-09 -2.60479e-09 -9.7396e-11 -1.4702e-09
65 -65000 4.00456e-10 195000 1.79716e-09 -7.49209e-10 1.22236e-09 -3.17232e-09 2.4968e-10 1.20781e-09 3.19415e-09 9.90729e-11 1.79142e-09
66 -66000 -2.40764e-10 198000 -2.05182e-09 6.5375e-10 -1.22236e-09 3.62343e-09 -3.02943e-10 -1.1205e-09 -3.43425e-09 -1.10044e-10 -1.95426e-09
67 -67000 7.28105e-11 201000 2.12458e-09 -5.36198e-10 1.22236e-09 -3.27418e-09 3.60345e-10 8.00355e-10 3.01225e-09 1.03042e-10 1.77797e-09
68 -68000 -5.84102e-11 204000 -2.6921e-09 5.70001e-10 -1.13505e-09 2.92493e-09 -3.9412e-10 -3.7835e-10 -2.38651e-09 -1.17471e-10 -1.4722e-09
69 -69000 9.59268e-11 207000 2.70666e-09 -6.11269e-10 1.01863e-09 -2.99769e-09 3.7665e-10 4.51109e-10 2.44472e-09 1.38693e-10 1.46311e-09
70 -70000 1.47284e-11 210000 -2.64845e-09 5.14256e-10 -1.07684e-09 2.99769e-09 -4.03811e-10 -5.09317e-10 -2.50293e-09 -1.25174e-10 -1.4758e-09
71 -71000 -7.77109e-11 213000 2.19734e-09 -4.89207e-10 1.28057e-09 -1.84809e-09 4.79385e-10 3.20142e-10 1.80444e-09 8.75337e-11 1.14823e-09
72 -72000 8.87006e-11 216000 -1.42609e-09 5.22101e-10 -1.45519e-09 9.02219e-10 -5.37526e-10 -4.36557e-10 -1.45519e-09 -7.32755e-11 -9.96288e-10
73 -73000 2.01356e-11 219000 9.02219e-10 -6.82892e-10 1.65892e-09 -2.03727e-09 5.70164e-10 1.58616e-09 3.11411e-09 9.25927e-11 1.78471e-09
74 -74000 -1.73385e-10 222000 -3.63798e-10 7.96427e-10 -1.60071e-09 2.41562e-09 -4.73274e-10 -1.99361e-09 -3.73984e-09 -1.49768e-10 -2.11541e-09
75 -75000 2.72748e-10 225000 2.47383e-10 -6.44731e-10 1.36788e-09 -2.44472e-09 1.59167e-10 1.92085e-09 3.68163e-09 2.12817e-10 2.10232e-09
76 -76000 -4.68744e-10 228000 -1.89175e-10 7.08472e-10 -1.01863e-09 3.63798e-09 -2.10562e-11 -2.2701e-09 -4.64206e-09 -2.18671e-10 -2.61703e-09
77 -77000 5.71668e-10 231000 -2.61934e-10 -9.41946e-10 1.19326e-09 -5.09317e-09 1.30717e-10 3.30328e-09 6.46105e-09 2.39561e-10 3.53309e-09
78 -78000 -5.41731e-10 234000 3.63798e-10 9.59416e-10 -9.8953e-10 5.93718e-09 -1.3444e-10 -3.56522e-09 -7.14499e-09 -2.83246e-10 -3.8856e-09
79 -79000 4.54116e-10 237000 -3.0559e-10 -8.39931e-10 1.33878e-09 -6.21367e-09 7.26795e-11 4.04543e-09 7.74162e-09 3.13136e-10 4.16953e-09
80 -80000 -4.46916e-10 240000 4.51109e-10 7.99383e-10 -1.83354e-09 5.55883e-09 -3.82229e-11 -4.35102e-09 -7.69796e-09 -3.14244e-10 -4.18046e-09
81 -81000 3.09431e-10 243000 4.36557e-11 -5.43626e-10 1.83354e-09 -5.48607e-09 -8.46157e-11 4.08909e-09 7.39237e-09 3.18811e-10 4.02148e-09
82 -82000 -2.73506e-10 246000 -3.63798e-10 3.97311e-10 -1.92085e-09 5.36966e-09 1.76532e-10 -3.92902e-09 -7.15954e-09 -3.00336e-10 -3.88031e-09
83 -83000 4.40095e-10 249000 8.44011e-10 -5.46392e-10 1.74623e-09 -7.6252e-09 -1.21829e-10 4.49654e-09 8.93488e-09 2.28126e-10 4.81226e-09
84 -84000 -3.72641e-10 252000 -1.78989e-09 4.72382e-10 -1.16415e-09 8.73115e-09 9.20243e-11 -3.97267e-09 -8.97853e-09 -1.91766e-10 -4.84753e-09
85 -85000 3.07081e-10 255000 2.18279e-09 -3.75104e-10 6.98492e-10 -1.09139e-08 -1.26727e-10 4.29281e-09 1.04483e-08 1.9475e-10 5.60309e-09
86 -86000 -2.7684e-10 258000 -2.08092e-09 3.88329e-10 -8.44011e-10 1.02737e-08 7.88082e-11 -3.98722e-09 -9.85165e-09 -1.90297e-10 -5.32413e-09
87 -87000 2.04081e-10 261000 1.67347e-09 -4.4324e-10 5.52973e-10 -8.61473e-09 5.14579e-11 3.14321e-09 8.16362e-09 1.87701e-10 4.48401e-09
88 -88000 -1.78388e-10 264000 -1.94996e-09 4.8557e-10 5.82077e-11 1.13359e-08 -1.02939e-10 -3.88536e-09 -1.02009e-08 -2.04243e-10 -5.47213e-09
89 -89000 2.39854e-10 267000 1.78989e-09 -5.639e-10 5.23869e-10 -8.14907e-09 9.44695e-11 2.70666e-09 7.55244e-09 2.29576e-10 4.16661e-09
90 -90000 -2.68958e-10 270000 -1.41154e-09 5.84212e-10 -5.82077e-10 7.01402e-09 -1.01632e-10 -2.45927e-09 -6.70843e-09 -2.13622e-10 -3.71769e-09
91 -91000 2.22347e-10 273000 1.60071e-09 -5.82961e-10 4.65661e-10 -5.23869e-09 1.92373e-10 1.52795e-09 4.83124e-09 1.68242e-10 2.74376e-09
92 -92000 -2.17496e-10 276000 -2.28465e-09 6.41245e-10 -4.65661e-10 7.31961e-09 -2.75459e-10 -2.38651e-09 -6.60657e-09 -1.4829e-10 -3.5594e-09
93 -93000 1.9059e-10 279000 2.18279e-09 -5.63066e-10 3.20142e-10 -6.60657e-09 2.35005e-10 1.9063e-09 5.79166e-09 1.37471e-10 3.18831e-09
94 -94000 -1.19119e-10 282000 -2.06637e-09 4.53775e-10 -3.20142e-10 6.4756e-09 -2.11453e-10 -1.76078e-09 -5.60249e-09 -1.23203e-10 -3.08986e-09
95 -95000 1.15329e-10 285000 2.663e-09 -4.58664e-10 -1.45519e-10 -8.51287e-09 2.32807e-10 2.11003e-09 6.89761e-09 1.10527e-10 3.66786e-09
96 -96000 -1.20559e-10 288000 -1.9354e-09 3.867e-10 -1.45519e-10 6.41739e-09 -1.39831e-10 -1.74623e-09 -5.47152e-09 -1.2631e-10 -2.91903e-09
97 -97000 -4.19339e-12 291000 2.11003e-09 -1.79183e-10 -8.73115e-11 -6.75209e-09 9.26118e-12 1.71713e-09 5.57338e-09 1.74116e-10 2.88253e-09
98 -98000 1.87911e-10 294000 -2.31375e-09 -7.94505e-12 4.36557e-10 6.98492e-09 2.60386e-11 -1.42609e-09 -5.39876e-09 -2.06005e-10 -2.79055e-09
99 -99000 -1.87153e-10 297000 2.37196e-09 -7.44057e-12 -7.85803e-10 -6.69388e-09 -4.75633e-11 1.04774e-09 4.75848e-09 2.42157e-10 2.40842e-09
100 -100000 -2.80937e-11 300000 -1.68802e-09 4.08528e-10 2.91038e-10 6.76664e-09 -1.27609e-10 -1.94996e-09 -5.6898e-09 -2.52825e-10 -2.92605e-09
101 -101000 2.83965e-10 303000 3.34694e-10 -9.15495e-10 6.40284e-10 -3.87081e-09 3.87422e-10 2.06637e-09 4.35102e-09 2.44109e-10 2.23551e-09
102 -102000 -3.94317e-10 306000 6.8394e-10 1.21123e-09 -1.42609e-09 2.51748e-09 -5.55242e-10 -2.59024e-09 -4.19095e-09 -2.61673e-10 -2.13523e-09
103 -103000 3.93711e-10 309000 -1.52795e-09 -1.25724e-09 1.86265e-09 -2.86673e-09 5.60131e-10 3.72529e-09 5.44242e-09 3.03397e-10 2.71995e-09
104 -104000 -2.98214e-10 312000 1.62981e-09 1.1008e-09 -1.65892e-09 2.16824e-09 -4.68973e-10 -3.18687e-09 -4.61296e-09 -3.33618e-10 -2.32559e-09
105 -105000 5.11793e-10 315000 -1.20781e-09 -1.27475e-09 1.86265e-09 -4.59841e-09 4.03186e-10 4.26371e-09 6.97037e-09 3.59766e-10 3.50087e-09
106 -106000 -8.09501e-10 318000 2.34286e-09 1.49924e-09 -2.2701e-09 6.03904e-09 -2.92247e-10 -5.64614e-09 -9.22591e-09 -3.97491e-10 -4.69972e-09
107 -107000 8.04044e-10 321000 -1.99361e-09 -1.42019e-09 2.44472e-09 -7.30506e-09 2.28108e-10 6.24277e-09 1.04628e-08 3.88036e-10 5.27525e-09
108 -108000 -9.48502e-10 324000 1.06229e-09 1.56935e-09 -2.35741e-09 6.94126e-09 -2.50429e-10 -5.52973e-09 -9.57516e-09 -3.70415e-10 -4.84269e-09
109 -109000 1.02581e-09 327000 -1.64437e-09 -1.66606e-09 2.18279e-09 -7.14499e-09 2.81371e-10 5.86442e-09 9.98261e-09 3.58876e-10 5.08748e-09
110 -110000 -9.8655e-10 330000 8.29459e-10 1.59133e-09 -1.74623e-09 8.39646e-09 -2.52039e-10 -5.6898e-09 -1.04192e-08 -3.52737e-10 -5.31928e-09
111 -111000 8.77107e-10 333000 -9.16771e-10 -1.4333e-09 1.97906e-09 -7.29051e-09 2.03779e-10 5.58794e-09 9.69158e-09 3.52415e-10 4.96196e-09
112 -112000 -6.2351e-10 336000 7.567e-10 1.09345e-09 -1.5134e-09 9.45874e-09 -1.17832e-10 -6.15546e-09 -1.13214e-08 -3.52111e-10 -5.81334e-09
113 -113000 5.38927e-10 339000 -7.42148e-10 -1.04896e-09 1.89175e-09 -1.10449e-08 1.22285e-10 7.14499e-09 1.31258e-08 3.87752e-10 6.68664e-09
114 -114000 -7.21735e-10 342000 1.01863e-09 1.27603e-09 -2.12458e-09 1.30822e-08 -1.1878e-10 -8.49832e-09 -1.55269e-08 -4.3552e-10 -7.90854e-09
115 -115000 7.45382e-10 345000 -8.58563e-10 -1.31059e-09 1.89175e-09 -1.43045e-08 1.27439e-10 8.94943e-09 1.65601e-08 4.37774e-10 8.44619e-09
116 -116000 -4.52676e-10 348000 5.96629e-10 1.10952e-09 -1.4843e-09 1.51631e-08 -2.04613e-10 -8.7457e-09 -1.68657e-08 -4.52232e-10 -8.69154e-09
117 -117000 2.79721e-10 351000 -4.22006e-10 -9.79387e-10 1.33878e-09 -1.52359e-08 2.5185e-10 8.3819e-09 1.66183e-08 4.47817e-10 8.59453e-09
118 -118000 -2.04839e-10 354000 0 8.69187e-10 -1.39698e-09 1.64728e-08 -2.71878e-10 -8.7457e-09 -1.7666e-08 -3.9247e-10 -9.15827e-09
119 -119000 5.53785e-11 357000 1.74623e-10 -7.1048e-10 1.60071e-09 -1.4843e-08 2.65777e-10 8.30914e-09 1.63272e-08 3.89325e-10 8.4514e-09
120 -120000 2.52633e-11 360000 -9.02219e-10 7.79905e-10 -1.07684e-09 1.7506e-08 -3.77398e-10 -8.7748e-09 -1.81171e-08 -4.2777e-10 -9.33619e-09
121 -121000 -6.25526e-11 363000 1.61526e-09 -7.85741e-10 1.30967e-09 -1.57015e-08 4.34829e-10 7.40692e-09 1.59489e-08 4.13464e-10 8.29105e-09
122 -122000 1.19548e-10 366000 -2.41562e-09 6.64854e-10 -1.5134e-09 1.50903e-08 -4.26814e-10 -6.89761e-09 -1.50903e-08 -3.57587e-10 -7.87791e-09
123 -123000 -7.75593e-11 369000 1.84809e-09 -6.24912e-10 1.86265e-09 -1.12486e-08 4.20921e-10 5.50062e-09 1.17871e-08 2.8155e-10 6.23567e-09
124 -124000 9.02922e-11 372000 -1.00408e-09 4.79165e-10 -2.38651e-09 8.30914e-09 -3.49393e-10 -4.91855e-09 -9.69158e-09 -2.20064e-10 -5.15974e-09
125 -125000 2.62782e-12 375000 8.58563e-10 -4.80605e-10 2.82307e-09 -8.99308e-09 2.8984e-10 5.76256e-09 1.08703e-08 1.88137e-10 5.72658e-09
126 -126000 -5.61364e-11 378000 -1.52795e-09 4.58777e-10 -2.93949e-09 8.49832e-09 -2.18388e-10 -5.25324e-09 -1.01136e-08 -1.84253e-10 -5.33766e-09
127 -127000 1.01763e-10 381000 1.00408e-09 -5.15469e-10 2.85218e-09 -6.30098e-09 1.87446e-10 4.48199e-09 8.14907e-09 2.2626e-10 4.29858e-09
128 -128000 -1.3026e-10 384000 2.32831e-10 6.39009e-10 -2.93949e-09 3.49246e-09 -2.74947e-10 -4.01633e-09 -6.14091e-09 -2.33801e-10 -3.25457e-09
129 -129000 -9.48397e-11 387000 -4.36557e-10 -4.22473e-10 2.93949e-09 -2.54659e-09 3.4242e-10 3.71074e-09 5.34055e-09 1.74893e-10 2.85817e-09
130 -130000 9.83261e-11 390000 3.0559e-10 2.91354e-10 -2.44472e-09 -9.31323e-10 -2.5996e-10 -1.42609e-09 -1.32422e-09 -1.29721e-10 -8.97504e-10
131 -131000 -7.17992e-11 393000 1.26602e-09 -1.14155e-10 1.5425e-09 -1.01863e-09 1.21925e-10 7.27596e-10 1.61526e-09 6.40289e-11 1.10147e-09
132 -132000 2.70675e-10 396000 -1.10595e-09 -3.21797e-10 -1.92085e-09 -7.27596e-10 7.51134e-11 -1.45519e-10 -2.03727e-10 -2.39922e-11 -4.18044e-10
133 -133000 -2.34599e-10 399000 1.45519e-10 5.879e-10 2.2701e-09 1.94996e-09 -4.16022e-10 3.20142e-10 -1.74623e-10 6.27215e-11 2.88681e-10
134 -134000 -1.85891e-10 402000 6.98492e-10 -2.87084e-10 -2.79397e-09 -1.62981e-09 5.69443e-10 -1.4843e-09 -1.10595e-09 -9.64676e-11 -8.94715e-10
135 -135000 3.4672e-10 405000 -2.61934e-10 -3.07843e-11 2.96859e-09 1.86265e-09 -3.923e-10 1.42609e-09 9.02219e-10 7.6364e-11 7.75673e-10
136 -136000 -2.09538e-10 408000 -1.39698e-09 1.08512e-11 -2.21189e-09 -3.7835e-10 2.61332e-10 -8.73115e-10 -9.60426e-10 -6.26457e-11 -7.18991e-10
137 -137000 -1.25156e-10 411000 1.07684e-09 4.0403e-10 2.15368e-09 1.45519e-10 -3.67611e-10 1.22236e-09 1.39698e-09 8.87369e-11 9.11561e-10
138 -138000 6.45993e-10 414000 -1.45519e-10 -1.12139e-09 -3.14321e-09 -1.65892e-09 5.58472e-10 -1.97906e-09 -1.33878e-09 -8.30715e-11 -8.96772e-10
139 -139000 -7.92725e-10 417000 6.1118e-10 1.30974e-09 3.37604e-09 1.92085e-09 -5.41798e-10 1.83354e-09 1.07684e-09 2.4788e-11 7.81007e-10
140 -140000 9.65529e-10 420000 -9.02219e-10 -1.36764e-09 -3.49246e-09 -7.27596e-10 3.33637e-10 -2.18279e-09 -2.15368e-09 6.84731e-11 -1.34122e-09
141 -141000 -1.10574e-09 423000 4.36557e-10 1.40675e-09 3.49246e-09 5.52973e-10 -1.75916e-10 2.44472e-09 2.56114e-09 -1.25089e-10 1.55175e-09
142 -142000 1.06815e-09 426000 -2.32831e-10 -1.31762e-09 -3.72529e-09 -8.14907e-10 1.68318e-10 -2.61934e-09 -2.56114e-09 8.11492e-11 -1.51158e-09
143 -143000 -1.20094e-09 429000 1.45519e-10 1.35854e-09 3.89991e-09 -5.52973e-10 -1.1839e-10 3.37604e-09 4.13274e-09 -3.92177e-11 2.35012e-09
144 -144000 1.28613e-09 432000 7.27596e-10 -1.36332e-09 -4.42378e-09 -1.13505e-09 7.75198e-11 -3.46336e-09 -3.37604e-09 -3.26406e-13 -1.97823e-09
145 -145000 -1.10999e-09 435000 -1.16415e-10 1.20825e-09 4.19095e-09 -1.39698e-09 -1.76238e-10 4.13274e-09 5.23869e-09 7.79745e-11 2.86447e-09
146 -146000 1.03314e-09 438000 -1.07684e-09 -1.18385e-09 -3.66708e-09 4.36557e-09 2.46061e-10 -4.68572e-09 -7.13044e-09 -9.53497e-11 -3.74743e-09
147 -147000 -1.27248e-09 441000 1.07684e-09 1.50194e-09 3.84171e-09 -5.23869e-09 -3.3574e-10 5.44242e-09 8.23638e-09 1.06283e-10 4.28523e-09
148 -148000 1.19154e-09 444000 -3.7835e-10 -1.5816e-09 -4.07454e-09 5.87897e-09 5.98224e-10 -6.37374e-09 -9.45874e-09 -2.08165e-10 -4.90886e-09
149 -149000 -1.16198e-09 447000 2.03727e-10 1.6827e-09 3.7835e-09 -8.20728e-09 -7.97877e-10 7.30506e-09 1.16124e-08 2.77154e-10 6.01734e-09
150 -150000 1.4991e-09 450000 0 -1.79245e-09 -4.48199e-09 1.00408e-08 5.54341e-10 -8.81846e-09 -1.41154e-08 -2.60991e-10 -7.27802e-09
151 -151000 -1.72738e-09 453000 -1.16415e-10 1.51316e-09 4.42378e-09 -1.05065e-08 -3.39777e-11 9.16771e-09 1.4581e-08 2.48202e-10 7.4506e-09
152 -152000 1.79423e-09 456000 1.42609e-09 -1.30253e-09 -5.18048e-09 8.55653e-09 -2.63522e-10 -9.80799e-09 -1.40572e-08 -2.28174e-10 -7.1322e-09
153 -153000 -1.87245e-09 459000 -1.30967e-09 1.24137e-09 5.47152e-09 -1.18744e-08 4.33673e-10 1.18453e-08 1.76078e-08 1.97403e-10 8.88636e-09
154 -154000 1.88836e-09 462000 1.80444e-09 -1.27154e-09 -6.40284e-09 1.13796e-08 -4.89986e-10 -1.26602e-08 -1.81899e-08 -1.26841e-10 -9.18521e-09
155 -155000 -1.58383e-09 465000 2.61934e-10 9.51622e-10 5.58794e-09 -1.23109e-08 5.24092e-10 1.12632e-08 1.72877e-08 1.0812e-10 8.72091e-09
156 -156000 1.34085e-09 468000 2.61934e-10 -6.23067e-10 -5.64614e-09 8.96398e-09 -5.55564e-10 -9.95351e-09 -1.42318e-08 -1.62216e-10 -7.11185e-09
157 -157000 -1.40209e-09 471000 1.16415e-10 5.80093e-10 5.47152e-09 -9.1095e-09 6.66125e-10 9.63337e-09 1.39989e-08 1.55869e-10 6.98931e-09
158 -158000 1.23717e-09 474000 8.14907e-10 -2.99438e-10 -5.70435e-09 9.40054e-09 -8.69757e-10 -1.01863e-08 -1.47556e-08 -6.79701e-11 -7.30962e-09
159 -159000 -8.26225e-10 477000 -1.16415e-10 -1.18929e-10 5.18048e-09 -1.28348e-08 9.63416e-10 1.04483e-08 1.70257e-08 -1.82614e-11 8.43254e-09
160 -160000 4.22713e-10 480000 -9.60426e-10 5.8262e-10 -4.94765e-09 1.49885e-08 -1.06181e-09 -1.06811e-08 -1.83354e-08 5.64791e-11 -9.00897e-09
161 -161000 -2.00644e-10 483000 1.16415e-09 -7.411e-10 5.47152e-09 -1.44646e-08 1.06357e-09 1.07102e-08 1.81317e-08 -1.2183e-10 8.92197e-09
162 -162000 1.8139e-11 486000 -1.33878e-09 8.86998e-10 -5.82077e-09 1.52504e-08 -1.12481e-09 -1.14378e-08 -1.92085e-08 2.19677e-10 -9.50301e-09
163 -163000 3.09885e-10 489000 -6.40284e-10 -9.99699e-10 6.51926e-09 -1.24855e-08 9.65595e-10 1.18162e-08 1.81899e-08 -2.75781e-10 9.06544e-09
164 -164000 -6.06381e-10 492000 1.65892e-09 9.25954e-10 -6.8685e-09 1.15251e-08 -6.51914e-10 -1.23109e-08 -1.81317e-08 3.3234e-10 -9.04596e-09
165 -165000 9.17731e-10 495000 -1.36788e-09 -1.07973e-09 7.21775e-09 -1.13214e-08 5.18919e-10 1.234e-08 1.81608e-08 -3.56916e-10 9.18135e-09
166 -166000 -1.12388e-09 498000 1.04774e-09 1.09163e-09 -7.21775e-09 1.20199e-08 -2.34039e-10 -1.21363e-08 -1.84809e-08 2.66288e-10 -9.50021e-09
167 -167000 9.68511e-10 501000 -1.33878e-09 -6.82589e-10 7.567e-09 -1.0361e-08 -1.28414e-10 1.17871e-08 1.74041e-08 -1.57509e-10 9.06334e-09
168 -168000 -8.5149e-10 504000 0 4.33918e-10 -7.6252e-09 1.33878e-08 2.79598e-10 -1.26893e-08 -1.98488e-08 1.37974e-10 -1.03031e-08
169 -169000 1.20695e-09 507000 2.32831e-10 -6.95473e-10 7.74162e-09 -1.46392e-08 -3.62533e-10 1.30967e-08 2.08674e-08 -1.48944e-10 1.07978e-08
170 -170000 -1.35868e-09 510000 -1.65892e-09 8.61229e-10 -7.15954e-09 1.5425e-08 3.54594e-10 -1.21072e-08 -2.02272e-08 1.42862e-10 -1.04759e-08
171 -171000 1.33034e-09 513000 2.15368e-09 -9.18451e-10 7.27596e-09 -1.54541e-08 -3.00877e-10 1.18453e-08 1.99943e-08 -1.11011e-10 1.03162e-08
172 -172000 -1.29745e-09 516000 -1.16415e-09 1.10596e-09 -7.567e-09 1.48721e-08 1.71861e-10 -1.234e-08 -2.0169e-08 1.96256e-11 -1.03226e-08
173 -173000 1.39006e-09 519000 1.62981e-09 -1.36282e-09 6.92671e-09 -1.80735e-08 -8.2143e-11 1.29512e-08 2.24391e-08 5.48961e-11 1.14109e-08
174 -174000 -1.45646e-09 522000 -2.64845e-09 1.3754e-09 -6.8685e-09 1.68511e-08 1.59602e-10 -1.14087e-08 -2.04309e-08 -7.85429e-11 -1.04606e-08
175 -175000 1.34807e-09 525000 2.82307e-09 -1.11323e-09 7.04313e-09 -1.41445e-08 -3.21302e-10 1.00117e-08 1.77242e-08 8.64631e-11 9.02173e-09
176 -176000 -1.23757e-09 528000 -1.04774e-09 8.60926e-10 -7.50879e-09 8.29459e-09 4.51474e-10 -8.3237e-09 -1.3184e-08 -7.48292e-11 -6.79367e-09
177 -177000 1.18255e-09 531000 2.96859e-09 -7.93244e-10 6.57747e-09 -7.24685e-09 -4.79403e-10 5.93718e-09 1.02737e-08 9.01011e-11 5.37021e-09
178 -178000 -1.29381e-09 534000 -3.57977e-09 9.806e-10 -5.93718e-09 7.6252e-09 4.19035e-10 -5.47152e-09 -9.80799e-09 -1.05828e-10 -5.05658e-09
179 -179000 8.25114e-10 537000 4.59841e-09 -5.60868e-10 4.59841e-09 -1.22818e-08 -2.91971e-10 6.25732e-09 1.27475e-08 2.77249e-11 6.4797e-09
180 -180000 -3.62939e-10 540000 -2.88128e-09 4.22287e-11 -4.5402e-09 8.20728e-09 2.27662e-10 -5.3551e-09 -9.63337e-09 9.30484e-11 -4.89832e-09
181 -181000 2.83813e-10 543000 1.60071e-09 1.90106e-11 4.88944e-09 -6.19912e-09 -1.68886e-10 5.3551e-09 8.61473e-09 -1.33938e-10 4.44672e-09
182 -182000 -1.28896e-10 546000 -4.07454e-10 -2.12127e-10 -5.93718e-09 2.79397e-09 1.9636e-10 -5.00586e-09 -6.63567e-09 1.44662e-10 -3.44752e-09
183 -183000 1.52543e-10 549000 -2.24099e-09 2.84204e-10 6.8103e-09 -4.07454e-10 -2.60593e-10 6.66478e-09 6.72298e-09 -1.76153e-10 3.30274e-09
184 -184000 -2.0302e-10 552000 1.89175e-09 -2.05002e-10 -6.8103e-09 4.65661e-10 2.00832e-10 -6.51926e-09 -6.60657e-09 2.0719e-10 -3.32897e-09
185 -185000 2.22422e-10 555000 -6.98492e-10 2.13567e-10 6.40284e-09 -1.86265e-09 -2.23683e-10 5.96629e-09 6.8685e-09 -2.12306e-10 3.46606e-09
186 -186000 -1.08281e-10 558000 2.12458e-09 -5.53187e-10 -7.39237e-09 -3.20142e-10 4.8702e-10 -6.98492e-09 -6.57747e-09 1.74448e-10 -3.16817e-09
187 -187000 -4.30595e-10 561000 -2.03727e-09 1.39167e-09 7.27596e-09 1.77533e-09 -8.47445e-10 6.19912e-09 5.03496e-09 -1.13626e-10 2.31716e-09
188 -188000 6.12342e-10 564000 1.65892e-09 -1.77055e-09 -6.69388e-09 -3.31784e-09 1.14754e-09 -4.5402e-09 -2.64845e-09 1.06633e-11 -1.09487e-09
189 -189000 -5.80965e-10 567000 -2.56114e-09 1.7538e-09 6.92671e-09 1.10595e-08 -1.17744e-09 1.5134e-09 -4.42378e-09 4.60861e-12 -2.60939e-09
190 -190000 8.4487e-10 570000 4.22006e-09 -1.99352e-09 -7.27596e-09 -1.80444e-08 1.07213e-09 4.36557e-10 1.00408e-08 7.65259e-11 5.4383e-09
191 -191000 -8.93528e-10 573000 -3.63798e-09 1.90492e-09 6.1118e-09 1.58616e-08 -9.71743e-10 -3.7835e-10 -9.0804e-09 -3.96535e-11 -5.00079e-09
192 -192000 6.89346e-10 576000 1.28057e-09 -1.66429e-09 -4.13274e-09 -6.17001e-09 1.03363e-09 -1.5134e-09 2.44472e-09 -5.86856e-11 1.80425e-09
193 -193000 -5.47465e-10 579000 -8.44011e-10 1.80768e-09 4.30737e-09 5.99539e-09 -1.46355e-09 1.4843e-09 -2.2992e-09 2.03333e-10 -1.65512e-09
194 -194000 4.53787e-10 582000 2.50293e-09 -1.93335e-09 -4.36557e-09 -6.25732e-09 1.78908e-09 -2.61934e-09 1.60071e-09 -3.09517e-10 1.31268e-09
195 -195000 -2.52789e-10 585000 -2.70666e-09 1.87499e-09 4.36557e-09 6.89761e-09 -1.92614e-09 2.15368e-09 -2.21189e-09 3.03946e-10 -1.49426e-09
196 -196000 2.82499e-10 588000 4.10364e-09 -1.87635e-09 -5.06407e-09 -5.79166e-09 1.93543e-09 -4.01633e-09 -2.91038e-10 -3.41576e-10 1.56224e-10
197 -197000 -2.6158e-10 591000 -4.13274e-09 1.83376e-09 5.12227e-09 4.24916e-09 -1.9479e-09 4.77303e-09 1.80444e-09 3.7572e-10 5.73979e-10
198 -198000 2.26716e-10 594000 2.44472e-09 -1.95608e-09 -4.5402e-09 2.03727e-10 2.08527e-09 -5.55883e-09 -4.86034e-09 -3.55901e-10 -2.21559e-09
199 -199000 -2.6249e-10 597000 -1.71713e-09 1.85392e-09 4.59841e-09 1.36788e-09 -1.84861e-09 4.01633e-09 2.79397e-09 2.57183e-10 1.37211e-09
200 -200000 -1.11616e-10 600000 4.07454e-09 -1.18741e-09 -6.1118e-09 -7.71252e-09 1.50353e-09 -3.49246e-09 1.01863e-09 -2.04508e-10 4.95094e-10
201 -201000 8.57401e-10 603000 -5.93718e-09 3.27784e-10 7.15954e-09 1.45228e-08 -1.38867e-09 2.47383e-09 -5.79166e-09 2.03485e-10 -2.97167e-09
202 -202000 -1.30366e-09 606000 3.66708e-09 1.13472e-10 -6.28643e-09 -1.81026e-08 1.41804e-09 1.65892e-09 1.15251e-08 -2.27852e-10 5.7383e-09
203 -203000 1.2688e-09 609000 -2.35741e-09 -2.14123e-10 6.22822e-09 1.89466e-08 -1.32429e-09 -3.0559e-09 -1.32131e-08 2.69613e-10 -6.57595e-09
204 -204000 -1.12237e-09 612000 1.4843e-09 2.25189e-10 -6.17001e-09 -1.4843e-08 1.14242e-09 1.92085e-09 9.80799e-09 -2.45246e-10 4.65897e-09
205 -205000 8.73469e-10 615000 -1.74623e-09 -1.11543e-11 6.0536e-09 1.06811e-08 -1.09581e-09 4.65661e-10 -5.55883e-09 2.33498e-10 -2.63519e-09
206 -206000 -5.39381e-10 618000 2.35741e-09 -1.60437e-10 -7.10133e-09 -8.70205e-09 8.5203e-10 -2.85218e-09 2.21189e-09 -1.52212e-10 9.5253e-10
207 -207000 4.25694e-10 621000 -2.2701e-09 1.66955e-10 7.39237e-09 8.11997e-09 -6.37882e-10 3.0559e-09 -1.5425e-09 4.52327e-11 -5.37126e-10
208 -208000 -5.12703e-10 624000 3.11411e-09 4.29867e-11 -8.03266e-09 -9.02219e-09 4.9062e-10 -3.72529e-09 1.36788e-09 -2.09037e-11 4.63459e-10
209 -209000 6.3791e-10 627000 -1.42609e-09 -1.70467e-10 7.10133e-09 7.47968e-09 -4.46168e-10 2.76486e-09 -1.5134e-09 -2.12741e-11 -3.93689e-10
